<?xml version="1.0" encoding="UTF-8"?>
<!-- Generated by org.testng.reporters.JUnitXMLReporter -->
<testsuite hostname="Chan" ignored="0" name="Test-runner-2" tests="1" failures="0" timestamp="06 Dec 2021 11:47:33 GMT" time="37.147" errors="0">
  <testcase name="clickOnCancelAndAlltheFillsClearedorNot" time="27.261" classname="com.crm.SDET26.Opportunity.ClickOnCancelAndAllTheFillsAreClearOrNot"/>
</testsuite> <!-- Test-runner-2 -->
