<?xml version="1.0" encoding="UTF-8"?>
<!-- Generated by org.testng.reporters.JUnitXMLReporter -->
<testsuite hostname="Chan" ignored="0" name="Test-runner-6" tests="1" failures="0" timestamp="06 Dec 2021 11:48:32 GMT" time="29.498" errors="0">
  <testcase name="createOpportunitywithSalesStageClosedWon" time="20.013" classname="com.crm.SDET26.Opportunity.CreateOpportunitywithSalesStageClosedWon"/>
</testsuite> <!-- Test-runner-6 -->
