<?xml version="1.0" encoding="UTF-8"?>
<!-- Generated by org.testng.reporters.JUnitXMLReporter -->
<testsuite hostname="Chan" ignored="10" name="Test-runner2" tests="6" failures="0" timestamp="06 Dec 2021 16:11:45 GMT" time="72.894" errors="0">
  <testcase name="createOpportunityWithSalesStageProposalOrPriceQuote" time="23.402" classname="com.crm.SDET26.Opportunity.CreateOpportunityWithSalesStageProposalOrPriceQuote"/>
  <testcase name="createOpportunitywithSalesStageClosedLost" time="23.484" classname="com.crm.SDET26.Opportunity.CreateOpportunitywithSalesStageClosedLost"/>
  <testcase name="clickOnCancelAndAlltheFillsClearedorNot" time="33.075" classname="com.crm.SDET26.Opportunity.ClickOnCancelAndAllTheFillsAreClearOrNot"/>
  <testcase name="createOpportunitywithSalesStageNegotiationOrReview" time="20.649" classname="com.crm.SDET26.Opportunity.CreateOpportunitywithSalesStageNegotiationOrReview"/>
  <testcase name="cickOnSaveAndAllTheFillSareSaveOrNot" time="20.11" classname="com.crm.SDET26.Opportunity.ClickOnSaveAndAllTheFillSareSaveOrNot"/>
  <testcase name="createOpportunitywithSalesStageClosedWon" time="20.669" classname="com.crm.SDET26.Opportunity.CreateOpportunitywithSalesStageClosedWon"/>
  <testcase name="@BeforeSuite dataBaseConnection" time="0.0" classname="com.crm.SDET26.genericUtility.BaseClass">
    <ignored/>
  </testcase> <!-- @BeforeSuite dataBaseConnection -->
  <testcase name="@BeforeSuite dataBaseConnection" time="0.0" classname="com.crm.SDET26.genericUtility.BaseClass">
    <ignored/>
  </testcase> <!-- @BeforeSuite dataBaseConnection -->
  <testcase name="@BeforeSuite dataBaseConnection" time="0.0" classname="com.crm.SDET26.genericUtility.BaseClass">
    <ignored/>
  </testcase> <!-- @BeforeSuite dataBaseConnection -->
  <testcase name="@BeforeSuite dataBaseConnection" time="0.0" classname="com.crm.SDET26.genericUtility.BaseClass">
    <ignored/>
  </testcase> <!-- @BeforeSuite dataBaseConnection -->
  <testcase name="@BeforeSuite dataBaseConnection" time="0.0" classname="com.crm.SDET26.genericUtility.BaseClass">
    <ignored/>
  </testcase> <!-- @BeforeSuite dataBaseConnection -->
  <testcase name="@AfterSuite disconnectDB" time="0.0" classname="com.crm.SDET26.genericUtility.BaseClass">
    <ignored/>
  </testcase> <!-- @AfterSuite disconnectDB -->
  <testcase name="@AfterSuite disconnectDB" time="0.0" classname="com.crm.SDET26.genericUtility.BaseClass">
    <ignored/>
  </testcase> <!-- @AfterSuite disconnectDB -->
  <testcase name="@AfterSuite disconnectDB" time="0.0" classname="com.crm.SDET26.genericUtility.BaseClass">
    <ignored/>
  </testcase> <!-- @AfterSuite disconnectDB -->
  <testcase name="@AfterSuite disconnectDB" time="0.0" classname="com.crm.SDET26.genericUtility.BaseClass">
    <ignored/>
  </testcase> <!-- @AfterSuite disconnectDB -->
  <testcase name="@AfterSuite disconnectDB" time="0.0" classname="com.crm.SDET26.genericUtility.BaseClass">
    <ignored/>
  </testcase> <!-- @AfterSuite disconnectDB -->
</testsuite> <!-- Test-runner2 -->
