<?xml version="1.0" encoding="UTF-8"?>
<!-- Generated by org.testng.reporters.JUnitXMLReporter -->
<testsuite hostname="Chan" ignored="0" name="Test-runner-5" tests="1" failures="0" timestamp="06 Dec 2021 11:48:21 GMT" time="29.79" errors="0">
  <testcase name="cickOnSaveAndAllTheFillSareSaveOrNot" time="20.241" classname="com.crm.SDET26.Opportunity.ClickOnSaveAndAllTheFillSareSaveOrNot"/>
</testsuite> <!-- Test-runner-5 -->
