<?xml version="1.0" encoding="UTF-8"?>
<!-- Generated by org.testng.reporters.JUnitXMLReporter -->
<testsuite hostname="Chan" ignored="0" name="Test-runner-3" tests="1" failures="0" timestamp="06 Dec 2021 11:47:51 GMT" time="27.591" errors="0">
  <testcase name="createOpportunitywithSalesStageClosedLost" time="16.303" classname="com.crm.SDET26.Opportunity.CreateOpportunitywithSalesStageClosedLost"/>
</testsuite> <!-- Test-runner-3 -->
