<?xml version="1.0" encoding="UTF-8"?>
<!-- Generated by org.testng.reporters.JUnitXMLReporter -->
<testsuite hostname="Chan" ignored="0" name="Test-runner-4" tests="1" failures="0" timestamp="06 Dec 2021 11:48:02 GMT" time="29.841" errors="0">
  <testcase name="createOpportunitywithSalesStageNegotiationOrReview" time="19.467" classname="com.crm.SDET26.Opportunity.CreateOpportunitywithSalesStageNegotiationOrReview"/>
</testsuite> <!-- Test-runner-4 -->
