<?xml version="1.0" encoding="UTF-8"?>
<!-- Generated by org.testng.reporters.JUnitXMLReporter -->
<testsuite hostname="Chan" ignored="0" name="Test-runner-1" tests="1" failures="0" timestamp="06 Dec 2021 11:47:23 GMT" time="27.905" errors="0">
  <testcase name="createOpportunityWithSalesStageProposalOrPriceQuote" time="18.0" classname="com.crm.SDET26.Opportunity.CreateOpportunityWithSalesStageProposalOrPriceQuote"/>
</testsuite> <!-- Test-runner-1 -->
