<?xml version="1.0" encoding="UTF-8"?>
<!-- Generated by org.testng.reporters.JUnitReportReporter -->
<testsuite skipped="0" hostname="Chan" name="com.crm.SDET26.basicScripts.CheckaMethod" tests="1" failures="0" timestamp="11 Dec 2021 12:38:39 GMT" time="0.653" errors="0">
  <testcase name="chekcamethd" time="0.653" classname="com.crm.SDET26.basicScripts.CheckaMethod"/>
</testsuite> <!-- com.crm.SDET26.basicScripts.CheckaMethod -->
