<?xml version="1.0" encoding="UTF-8"?>
<!-- Generated by org.testng.reporters.JUnitReportReporter -->
<testsuite skipped="0" hostname="Chan" name="com.crm.SDET26.Opportunity.CreateOpportunitywithSalesStageNegotiationOrReview" tests="1" failures="0" timestamp="07 Dec 2021 07:04:23 GMT" time="25.243" errors="0">
  <testcase name="createOpportunitywithSalesStageNegotiationOrReview" time="25.243" classname="com.crm.SDET26.Opportunity.CreateOpportunitywithSalesStageNegotiationOrReview"/>
</testsuite> <!-- com.crm.SDET26.Opportunity.CreateOpportunitywithSalesStageNegotiationOrReview -->
