<?xml version="1.0" encoding="UTF-8"?>
<!-- Generated by org.testng.reporters.JUnitReportReporter -->
<testsuite skipped="0" hostname="Chan" name="com.crm.SDET26.practice.SampleJDBCExecuteUpdate" tests="1" failures="0" timestamp="11 Dec 2021 10:21:15 GMT" time="0.263" errors="0">
  <testcase name="sampleJDBCExecuteUpdate" time="0.263" classname="com.crm.SDET26.practice.SampleJDBCExecuteUpdate"/>
</testsuite> <!-- com.crm.SDET26.practice.SampleJDBCExecuteUpdate -->
