<?xml version="1.0" encoding="UTF-8"?>
<!-- Generated by org.testng.reporters.JUnitReportReporter -->
<testsuite skipped="0" hostname="Chan" name="com.crm.SDET26.Opportunity.CreateOpportunityWithSalesStageProposalOrPriceQuote" tests="1" failures="0" timestamp="07 Dec 2021 07:04:23 GMT" time="28.192" errors="0">
  <testcase name="createOpportunityWithSalesStageProposalOrPriceQuote" time="28.192" classname="com.crm.SDET26.Opportunity.CreateOpportunityWithSalesStageProposalOrPriceQuote"/>
</testsuite> <!-- com.crm.SDET26.Opportunity.CreateOpportunityWithSalesStageProposalOrPriceQuote -->
