<?xml version="1.0" encoding="UTF-8"?>
<!-- Generated by org.testng.reporters.JUnitReportReporter -->
<testsuite skipped="0" hostname="Chan" name="com.crm.SDET26.opportunity.CreateOpportunitywithSalesStageNegotiationOrReviewTest" tests="1" failures="0" timestamp="12 Dec 2021 14:31:38 GMT" time="18.551" errors="0">
  <testcase name="createOpportunitywithSalesStageNegotiationOrReview" time="18.551" classname="com.crm.SDET26.opportunity.CreateOpportunitywithSalesStageNegotiationOrReviewTest"/>
</testsuite> <!-- com.crm.SDET26.opportunity.CreateOpportunitywithSalesStageNegotiationOrReviewTest -->
