<?xml version="1.0" encoding="UTF-8"?>
<!-- Generated by org.testng.reporters.JUnitReportReporter -->
<testsuite skipped="0" hostname="Chan" name="com.crm.SDET26.Opportunity.CreateOpportunitywithSalesStageClosedWon" tests="1" failures="0" timestamp="07 Dec 2021 07:04:23 GMT" time="25.389" errors="0">
  <testcase name="createOpportunitywithSalesStageClosedWon" time="25.389" classname="com.crm.SDET26.Opportunity.CreateOpportunitywithSalesStageClosedWon"/>
</testsuite> <!-- com.crm.SDET26.Opportunity.CreateOpportunitywithSalesStageClosedWon -->
