<?xml version="1.0" encoding="UTF-8"?>
<!-- Generated by org.testng.reporters.JUnitReportReporter -->
<testsuite skipped="0" hostname="Chan" name="com.crm.SDET26.Opportunity.CreateOpportunitywithSalesStageNegotiationOrReview" tests="1" failures="0" timestamp="10 Dec 2021 15:46:28 GMT" time="24.058" errors="0">
  <testcase name="createOpportunitywithSalesStageNegotiationOrReview" time="24.058" classname="com.crm.SDET26.Opportunity.CreateOpportunitywithSalesStageNegotiationOrReview"/>
</testsuite> <!-- com.crm.SDET26.Opportunity.CreateOpportunitywithSalesStageNegotiationOrReview -->
