<?xml version="1.0" encoding="UTF-8"?>
<!-- Generated by org.testng.reporters.JUnitReportReporter -->
<testsuite skipped="0" hostname="Chan" name="com.crm.SDET26.basicScripts.DontKnow" tests="1" failures="0" timestamp="11 Dec 2021 12:56:58 GMT" time="0.575" errors="0">
  <testcase name="dontknow" time="0.575" classname="com.crm.SDET26.basicScripts.DontKnow"/>
</testsuite> <!-- com.crm.SDET26.basicScripts.DontKnow -->
