<?xml version="1.0" encoding="UTF-8"?>
<!-- Generated by org.testng.reporters.JUnitReportReporter -->
<testsuite skipped="0" hostname="Chan" name="com.crm.SDET26.Opportunity.CreateOpportunityWithSalesStageProposalOrPriceQuote" tests="1" failures="0" timestamp="10 Dec 2021 15:46:28 GMT" time="50.247" errors="0">
  <testcase name="createOpportunityWithSalesStageProposalOrPriceQuote" time="50.247" classname="com.crm.SDET26.Opportunity.CreateOpportunityWithSalesStageProposalOrPriceQuote"/>
</testsuite> <!-- com.crm.SDET26.Opportunity.CreateOpportunityWithSalesStageProposalOrPriceQuote -->
