<?xml version="1.0" encoding="UTF-8"?>
<!-- Generated by org.testng.reporters.JUnitReportReporter -->
<testsuite skipped="0" hostname="Chan" name="com.crm.SDET26.Opportunity.ClickOnCancelAndAllTheFillsAreClearOrNotTest" tests="1" failures="0" timestamp="11 Dec 2021 06:18:24 GMT" time="27.218" errors="0">
  <testcase name="clickOnCancelAndAlltheFillsClearedorNot" time="27.218" classname="com.crm.SDET26.Opportunity.ClickOnCancelAndAllTheFillsAreClearOrNotTest"/>
</testsuite> <!-- com.crm.SDET26.Opportunity.ClickOnCancelAndAllTheFillsAreClearOrNotTest -->
