<?xml version="1.0" encoding="UTF-8"?>
<!-- Generated by org.testng.reporters.JUnitReportReporter -->
<testsuite skipped="0" hostname="Chan" name="com.crm.SDET26.practice.PracticeCreateOpportunityAndClickonSave" tests="1" failures="0" timestamp="09 Dec 2021 17:58:59 GMT" time="15.993" errors="0">
  <testcase name="createOpportunitywithSalesStageClosedWon" time="15.993" classname="com.crm.SDET26.practice.PracticeCreateOpportunityAndClickonSave"/>
</testsuite> <!-- com.crm.SDET26.practice.PracticeCreateOpportunityAndClickonSave -->
