<?xml version="1.0" encoding="UTF-8"?>
<!-- Generated by org.testng.reporters.JUnitReportReporter -->
<testsuite skipped="0" hostname="Chan" name="com.crm.SDET26.Opportunity.ClickOnCancelAndAllTheFillsAreClearOrNot" tests="1" failures="0" timestamp="10 Dec 2021 15:46:28 GMT" time="59.980" errors="0">
  <testcase name="clickOnCancelAndAlltheFillsClearedorNot" time="59.980" classname="com.crm.SDET26.Opportunity.ClickOnCancelAndAllTheFillsAreClearOrNot"/>
</testsuite> <!-- com.crm.SDET26.Opportunity.ClickOnCancelAndAllTheFillsAreClearOrNot -->
